# JRE version: Java(TM) SE Runtime Environment (8.0_91-b15) (build 1.8.0_91-b15)
# Java VM: Java HotSpot(TM) 64-Bit Server VM (25.91-b15 mixed mode windows-amd64 compressed oops)
Heap:
 PSYoungGen      total 793600K, used 229667K [0x0000000781600000, 0x00000007b4300000, 0x00000007c0000000)
  eden space 773120K, 27% used [0x0000000781600000,0x000000078e24b870,0x00000007b0900000)
  from space 20480K, 99% used [0x00000007b2f00000,0x00000007b42fd620,0x00000007b4300000)
  to   space 28672K, 0% used [0x00000007b0b00000,0x00000007b0b00000,0x00000007b2700000)
 ParOldGen       total 115200K, used 46946K [0x0000000704200000, 0x000000070b280000, 0x0000000781600000)
  object space 115200K, 40% used [0x0000000704200000,0x0000000706fd8bc8,0x000000070b280000)
 Metaspace       used 54362K, capacity 54990K, committed 55168K, reserved 1097728K
  class space    used 6912K, capacity 7036K, committed 7040K, reserved 1048576K
GC Heap History (10 events):
Event: 11.145 GC heap before
{Heap before GC invocations=10 (full 1):
 PSYoungGen      total 403456K, used 385024K [0x0000000781600000, 0x000000079b200000, 0x00000007c0000000)
  eden space 385024K, 100% used [0x0000000781600000,0x0000000798e00000,0x0000000798e00000)
  from space 18432K, 0% used [0x000000079a000000,0x000000079a000000,0x000000079b200000)
  to   space 18432K, 0% used [0x0000000798e00000,0x0000000798e00000,0x000000079a000000)
 ParOldGen       total 77824K, used 13867K [0x0000000704200000, 0x0000000708e00000, 0x0000000781600000)
  object space 77824K, 17% used [0x0000000704200000,0x0000000704f8adb8,0x0000000708e00000)
 Metaspace       used 22165K, capacity 22492K, committed 22832K, reserved 1069056K
  class space    used 2776K, capacity 2861K, committed 2944K, reserved 1048576K
Event: 11.166 GC heap after
Heap after GC invocations=10 (full 1):
 PSYoungGen      total 403456K, used 14091K [0x0000000781600000, 0x00000007a6400000, 0x00000007c0000000)
  eden space 385024K, 0% used [0x0000000781600000,0x0000000781600000,0x0000000798e00000)
  from space 18432K, 76% used [0x0000000798e00000,0x0000000799bc2d50,0x000000079a000000)
  to   space 19456K, 0% used [0x00000007a5100000,0x00000007a5100000,0x00000007a6400000)
 ParOldGen       total 77824K, used 13867K [0x0000000704200000, 0x0000000708e00000, 0x0000000781600000)
  object space 77824K, 17% used [0x0000000704200000,0x0000000704f8adb8,0x0000000708e00000)
 Metaspace       used 22165K, capacity 22492K, committed 22832K, reserved 1069056K
  class space    used 2776K, capacity 2861K, committed 2944K, reserved 1048576K
}
Event: 15.085 GC heap before
{Heap before GC invocations=11 (full 1):
 PSYoungGen      total 403456K, used 399115K [0x0000000781600000, 0x00000007a6400000, 0x00000007c0000000)
  eden space 385024K, 100% used [0x0000000781600000,0x0000000798e00000,0x0000000798e00000)
  from space 18432K, 76% used [0x0000000798e00000,0x0000000799bc2d50,0x000000079a000000)
  to   space 19456K, 0% used [0x00000007a5100000,0x00000007a5100000,0x00000007a6400000)
 ParOldGen       total 77824K, used 13867K [0x0000000704200000, 0x0000000708e00000, 0x0000000781600000)
  object space 77824K, 17% used [0x0000000704200000,0x0000000704f8adb8,0x0000000708e00000)
 Metaspace       used 29766K, capacity 30136K, committed 30592K, reserved 1075200K
  class space    used 3746K, capacity 3863K, committed 3968K, reserved 1048576K
Event: 15.109 GC heap after
Heap after GC invocations=11 (full 1):
 PSYoungGen      total 567296K, used 12258K [0x0000000781600000, 0x00000007a5d00000, 0x00000007c0000000)
  eden space 555008K, 0% used [0x0000000781600000,0x0000000781600000,0x00000007a3400000)
  from space 12288K, 99% used [0x00000007a5100000,0x00000007a5cf8bd8,0x00000007a5d00000)
  to   space 18944K, 0% used [0x00000007a3800000,0x00000007a3800000,0x00000007a4a80000)
 ParOldGen       total 77824K, used 13867K [0x0000000704200000, 0x0000000708e00000, 0x0000000781600000)
  object space 77824K, 17% used [0x0000000704200000,0x0000000704f8adb8,0x0000000708e00000)
 Metaspace       used 29766K, capacity 30136K, committed 30592K, reserved 1075200K
  class space    used 3746K, capacity 3863K, committed 3968K, reserved 1048576K
}
Event: 17.364 GC heap before
{Heap before GC invocations=12 (full 1):
 PSYoungGen      total 567296K, used 299812K [0x0000000781600000, 0x00000007a5d00000, 0x00000007c0000000)
  eden space 555008K, 51% used [0x0000000781600000,0x0000000792ed0630,0x00000007a3400000)
  from space 12288K, 99% used [0x00000007a5100000,0x00000007a5cf8bd8,0x00000007a5d00000)
  to   space 18944K, 0% used [0x00000007a3800000,0x00000007a3800000,0x00000007a4a80000)
 ParOldGen       total 77824K, used 13867K [0x0000000704200000, 0x0000000708e00000, 0x0000000781600000)
  object space 77824K, 17% used [0x0000000704200000,0x0000000704f8adb8,0x0000000708e00000)
 Metaspace       used 34986K, capacity 35294K, committed 35496K, reserved 1081344K
  class space    used 4499K, capacity 4600K, committed 4608K, reserved 1048576K
Event: 17.400 GC heap after
Heap after GC invocations=12 (full 1):
 PSYoungGen      total 578048K, used 16280K [0x0000000781600000, 0x00000007b4300000, 0x00000007c0000000)
  eden space 559104K, 0% used [0x0000000781600000,0x0000000781600000,0x00000007a3800000)
  from space 18944K, 85% used [0x00000007a3800000,0x00000007a47e62f8,0x00000007a4a80000)
  to   space 20480K, 0% used [0x00000007b2f00000,0x00000007b2f00000,0x00000007b4300000)
 ParOldGen       total 77824K, used 20160K [0x0000000704200000, 0x0000000708e00000, 0x0000000781600000)
  object space 77824K, 25% used [0x0000000704200000,0x00000007055b02a0,0x0000000708e00000)
 Metaspace       used 34986K, capacity 35294K, committed 35496K, reserved 1081344K
  class space    used 4499K, capacity 4600K, committed 4608K, reserved 1048576K
}
Event: 17.400 GC heap before
{Heap before GC invocations=13 (full 2):
 PSYoungGen      total 578048K, used 16280K [0x0000000781600000, 0x00000007b4300000, 0x00000007c0000000)
  eden space 559104K, 0% used [0x0000000781600000,0x0000000781600000,0x00000007a3800000)
  from space 18944K, 85% used [0x00000007a3800000,0x00000007a47e62f8,0x00000007a4a80000)
  to   space 20480K, 0% used [0x00000007b2f00000,0x00000007b2f00000,0x00000007b4300000)
 ParOldGen       total 77824K, used 20160K [0x0000000704200000, 0x0000000708e00000, 0x0000000781600000)
  object space 77824K, 25% used [0x0000000704200000,0x00000007055b02a0,0x0000000708e00000)
 Metaspace       used 34986K, capacity 35294K, committed 35496K, reserved 1081344K
  class space    used 4499K, capacity 4600K, committed 4608K, reserved 1048576K
Event: 17.520 GC heap after
Heap after GC invocations=13 (full 2):
 PSYoungGen      total 578048K, used 0K [0x0000000781600000, 0x00000007b4300000, 0x00000007c0000000)
  eden space 559104K, 0% used [0x0000000781600000,0x0000000781600000,0x00000007a3800000)
  from space 18944K, 0% used [0x00000007a3800000,0x00000007a3800000,0x00000007a4a80000)
  to   space 20480K, 0% used [0x00000007b2f00000,0x00000007b2f00000,0x00000007b4300000)
 ParOldGen       total 115200K, used 31787K [0x0000000704200000, 0x000000070b280000, 0x0000000781600000)
  object space 115200K, 27% used [0x0000000704200000,0x000000070610ae28,0x000000070b280000)
 Metaspace       used 34986K, capacity 35294K, committed 35496K, reserved 1081344K
  class space    used 4499K, capacity 4600K, committed 4608K, reserved 1048576K
}
Event: 30.426 GC heap before
{Heap before GC invocations=14 (full 2):
 PSYoungGen      total 578048K, used 559104K [0x0000000781600000, 0x00000007b4300000, 0x00000007c0000000)
  eden space 559104K, 100% used [0x0000000781600000,0x00000007a3800000,0x00000007a3800000)
  from space 18944K, 0% used [0x00000007a3800000,0x00000007a3800000,0x00000007a4a80000)
  to   space 20480K, 0% used [0x00000007b2f00000,0x00000007b2f00000,0x00000007b4300000)
 ParOldGen       total 115200K, used 31787K [0x0000000704200000, 0x000000070b280000, 0x0000000781600000)
  object space 115200K, 27% used [0x0000000704200000,0x000000070610ae28,0x000000070b280000)
 Metaspace       used 50142K, capacity 50676K, committed 50816K, reserved 1093632K
  class space    used 6377K, capacity 6497K, committed 6528K, reserved 1048576K
Event: 30.489 GC heap after
Heap after GC invocations=14 (full 2):
 PSYoungGen      total 793600K, used 20469K [0x0000000781600000, 0x00000007b4300000, 0x00000007c0000000)
  eden space 773120K, 0% used [0x0000000781600000,0x0000000781600000,0x00000007b0900000)
  from space 20480K, 99% used [0x00000007b2f00000,0x00000007b42fd620,0x00000007b4300000)
  to   space 28672K, 0% used [0x00000007b0b00000,0x00000007b0b00000,0x00000007b2700000)
 ParOldGen       total 115200K, used 46946K [0x0000000704200000, 0x000000070b280000, 0x0000000781600000)
  object space 115200K, 40% used [0x0000000704200000,0x0000000706fd8bc8,0x000000070b280000)
 Metaspace       used 50142K, capacity 50676K, committed 50816K, reserved 1093632K
  class space    used 6377K, capacity 6497K, committed 6528K, reserved 1048576K
}

